2025-05-06 16:55:52,652 [Worker-4: Loading available Gradle versions] INFO  o.e.b.c.i.u.g.PublishedGradleVersions - Gradle version information cache is out-of-date. Trying to update.
2025-05-06 17:01:37,669 [Worker-11: Launching mavenrun-5fcff45d-21a1-4f75-9282-9228820dc707] INFO  o.eclipse.m2e.core.internal.Bundles - getClasspathEntries(Bundle=org.eclipse.m2e.maven.runtime_3.9.900.20240824-1409 [642])
2025-05-06 17:01:37,672 [Worker-11: Launching mavenrun-5fcff45d-21a1-4f75-9282-9228820dc707] INFO  o.eclipse.m2e.core.internal.Bundles - 	Entry: C:\Users\Nikhil\.p2\pool\plugins\org.eclipse.m2e.maven.runtime_3.9.900.20240824-1409
2025-05-06 17:01:37,672 [Worker-11: Launching mavenrun-5fcff45d-21a1-4f75-9282-9228820dc707] INFO  o.eclipse.m2e.core.internal.Bundles - 	Entry: C:\Users\Nikhil\.p2\pool\plugins\org.eclipse.m2e.maven.runtime_3.9.900.20240824-1409\jars\aopalliance-1.0.jar
2025-05-06 17:01:37,676 [Worker-11: Launching mavenrun-5fcff45d-21a1-4f75-9282-9228820dc707] INFO  o.eclipse.m2e.core.internal.Bundles - 	Entry: C:\Users\Nikhil\.p2\pool\plugins\org.eclipse.m2e.maven.runtime_3.9.900.20240824-1409\jars\guice-5.1.0.jar
2025-05-06 17:01:37,676 [Worker-11: Launching mavenrun-5fcff45d-21a1-4f75-9282-9228820dc707] INFO  o.eclipse.m2e.core.internal.Bundles - 	Entry: C:\Users\Nikhil\.p2\pool\plugins\org.eclipse.m2e.maven.runtime_3.9.900.20240824-1409\jars\httpclient-4.5.14.jar
2025-05-06 17:01:37,676 [Worker-11: Launching mavenrun-5fcff45d-21a1-4f75-9282-9228820dc707] INFO  o.eclipse.m2e.core.internal.Bundles - 	Entry: C:\Users\Nikhil\.p2\pool\plugins\org.eclipse.m2e.maven.runtime_3.9.900.20240824-1409\jars\httpcore-4.4.16.jar
2025-05-06 17:01:37,678 [Worker-11: Launching mavenrun-5fcff45d-21a1-4f75-9282-9228820dc707] INFO  o.eclipse.m2e.core.internal.Bundles - 	Entry: C:\Users\Nikhil\.p2\pool\plugins\org.eclipse.m2e.maven.runtime_3.9.900.20240824-1409\jars\jansi-2.4.1.jar
2025-05-06 17:01:37,678 [Worker-11: Launching mavenrun-5fcff45d-21a1-4f75-9282-9228820dc707] INFO  o.eclipse.m2e.core.internal.Bundles - 	Entry: C:\Users\Nikhil\.p2\pool\plugins\org.eclipse.m2e.maven.runtime_3.9.900.20240824-1409\jars\jcl-over-slf4j-1.7.36.jar
2025-05-06 17:01:37,678 [Worker-11: Launching mavenrun-5fcff45d-21a1-4f75-9282-9228820dc707] INFO  o.eclipse.m2e.core.internal.Bundles - 	Entry: C:\Users\Nikhil\.p2\pool\plugins\org.eclipse.m2e.maven.runtime_3.9.900.20240824-1409\jars\maven-artifact-3.9.9.jar
2025-05-06 17:01:37,678 [Worker-11: Launching mavenrun-5fcff45d-21a1-4f75-9282-9228820dc707] INFO  o.eclipse.m2e.core.internal.Bundles - 	Entry: C:\Users\Nikhil\.p2\pool\plugins\org.eclipse.m2e.maven.runtime_3.9.900.20240824-1409\jars\maven-builder-support-3.9.9.jar
2025-05-06 17:01:37,679 [Worker-11: Launching mavenrun-5fcff45d-21a1-4f75-9282-9228820dc707] INFO  o.eclipse.m2e.core.internal.Bundles - 	Entry: C:\Users\Nikhil\.p2\pool\plugins\org.eclipse.m2e.maven.runtime_3.9.900.20240824-1409\jars\maven-compat-3.9.9.jar
2025-05-06 17:01:37,679 [Worker-11: Launching mavenrun-5fcff45d-21a1-4f75-9282-9228820dc707] INFO  o.eclipse.m2e.core.internal.Bundles - 	Entry: C:\Users\Nikhil\.p2\pool\plugins\org.eclipse.m2e.maven.runtime_3.9.900.20240824-1409\jars\maven-core-3.9.9.jar
2025-05-06 17:01:37,679 [Worker-11: Launching mavenrun-5fcff45d-21a1-4f75-9282-9228820dc707] INFO  o.eclipse.m2e.core.internal.Bundles - 	Entry: C:\Users\Nikhil\.p2\pool\plugins\org.eclipse.m2e.maven.runtime_3.9.900.20240824-1409\jars\maven-embedder-3.9.9.jar
2025-05-06 17:01:37,680 [Worker-11: Launching mavenrun-5fcff45d-21a1-4f75-9282-9228820dc707] INFO  o.eclipse.m2e.core.internal.Bundles - 	Entry: C:\Users\Nikhil\.p2\pool\plugins\org.eclipse.m2e.maven.runtime_3.9.900.20240824-1409\jars\maven-model-3.9.9.jar
2025-05-06 17:01:37,680 [Worker-11: Launching mavenrun-5fcff45d-21a1-4f75-9282-9228820dc707] INFO  o.eclipse.m2e.core.internal.Bundles - 	Entry: C:\Users\Nikhil\.p2\pool\plugins\org.eclipse.m2e.maven.runtime_3.9.900.20240824-1409\jars\maven-model-builder-3.9.9.jar
2025-05-06 17:01:37,680 [Worker-11: Launching mavenrun-5fcff45d-21a1-4f75-9282-9228820dc707] INFO  o.eclipse.m2e.core.internal.Bundles - 	Entry: C:\Users\Nikhil\.p2\pool\plugins\org.eclipse.m2e.maven.runtime_3.9.900.20240824-1409\jars\maven-plugin-api-3.9.9.jar
2025-05-06 17:01:37,680 [Worker-11: Launching mavenrun-5fcff45d-21a1-4f75-9282-9228820dc707] INFO  o.eclipse.m2e.core.internal.Bundles - 	Entry: C:\Users\Nikhil\.p2\pool\plugins\org.eclipse.m2e.maven.runtime_3.9.900.20240824-1409\jars\maven-repository-metadata-3.9.9.jar
2025-05-06 17:01:37,680 [Worker-11: Launching mavenrun-5fcff45d-21a1-4f75-9282-9228820dc707] INFO  o.eclipse.m2e.core.internal.Bundles - 	Entry: C:\Users\Nikhil\.p2\pool\plugins\org.eclipse.m2e.maven.runtime_3.9.900.20240824-1409\jars\maven-resolver-api-1.9.22.jar
2025-05-06 17:01:37,680 [Worker-11: Launching mavenrun-5fcff45d-21a1-4f75-9282-9228820dc707] INFO  o.eclipse.m2e.core.internal.Bundles - 	Entry: C:\Users\Nikhil\.p2\pool\plugins\org.eclipse.m2e.maven.runtime_3.9.900.20240824-1409\jars\maven-resolver-connector-basic-1.9.22.jar
2025-05-06 17:01:37,682 [Worker-11: Launching mavenrun-5fcff45d-21a1-4f75-9282-9228820dc707] INFO  o.eclipse.m2e.core.internal.Bundles - 	Entry: C:\Users\Nikhil\.p2\pool\plugins\org.eclipse.m2e.maven.runtime_3.9.900.20240824-1409\jars\maven-resolver-impl-1.9.22.jar
2025-05-06 17:01:37,682 [Worker-11: Launching mavenrun-5fcff45d-21a1-4f75-9282-9228820dc707] INFO  o.eclipse.m2e.core.internal.Bundles - 	Entry: C:\Users\Nikhil\.p2\pool\plugins\org.eclipse.m2e.maven.runtime_3.9.900.20240824-1409\jars\maven-resolver-named-locks-1.9.22.jar
2025-05-06 17:01:37,682 [Worker-11: Launching mavenrun-5fcff45d-21a1-4f75-9282-9228820dc707] INFO  o.eclipse.m2e.core.internal.Bundles - 	Entry: C:\Users\Nikhil\.p2\pool\plugins\org.eclipse.m2e.maven.runtime_3.9.900.20240824-1409\jars\maven-resolver-provider-3.9.9.jar
2025-05-06 17:01:37,682 [Worker-11: Launching mavenrun-5fcff45d-21a1-4f75-9282-9228820dc707] INFO  o.eclipse.m2e.core.internal.Bundles - 	Entry: C:\Users\Nikhil\.p2\pool\plugins\org.eclipse.m2e.maven.runtime_3.9.900.20240824-1409\jars\maven-resolver-spi-1.9.22.jar
2025-05-06 17:01:37,682 [Worker-11: Launching mavenrun-5fcff45d-21a1-4f75-9282-9228820dc707] INFO  o.eclipse.m2e.core.internal.Bundles - 	Entry: C:\Users\Nikhil\.p2\pool\plugins\org.eclipse.m2e.maven.runtime_3.9.900.20240824-1409\jars\maven-resolver-transport-file-1.9.22.jar
2025-05-06 17:01:37,684 [Worker-11: Launching mavenrun-5fcff45d-21a1-4f75-9282-9228820dc707] INFO  o.eclipse.m2e.core.internal.Bundles - 	Entry: C:\Users\Nikhil\.p2\pool\plugins\org.eclipse.m2e.maven.runtime_3.9.900.20240824-1409\jars\maven-resolver-transport-http-1.9.22.jar
2025-05-06 17:01:37,684 [Worker-11: Launching mavenrun-5fcff45d-21a1-4f75-9282-9228820dc707] INFO  o.eclipse.m2e.core.internal.Bundles - 	Entry: C:\Users\Nikhil\.p2\pool\plugins\org.eclipse.m2e.maven.runtime_3.9.900.20240824-1409\jars\maven-resolver-transport-wagon-1.9.22.jar
2025-05-06 17:01:37,684 [Worker-11: Launching mavenrun-5fcff45d-21a1-4f75-9282-9228820dc707] INFO  o.eclipse.m2e.core.internal.Bundles - 	Entry: C:\Users\Nikhil\.p2\pool\plugins\org.eclipse.m2e.maven.runtime_3.9.900.20240824-1409\jars\maven-resolver-util-1.9.22.jar
2025-05-06 17:01:37,684 [Worker-11: Launching mavenrun-5fcff45d-21a1-4f75-9282-9228820dc707] INFO  o.eclipse.m2e.core.internal.Bundles - 	Entry: C:\Users\Nikhil\.p2\pool\plugins\org.eclipse.m2e.maven.runtime_3.9.900.20240824-1409\jars\maven-settings-3.9.9.jar
2025-05-06 17:01:37,684 [Worker-11: Launching mavenrun-5fcff45d-21a1-4f75-9282-9228820dc707] INFO  o.eclipse.m2e.core.internal.Bundles - 	Entry: C:\Users\Nikhil\.p2\pool\plugins\org.eclipse.m2e.maven.runtime_3.9.900.20240824-1409\jars\maven-settings-builder-3.9.9.jar
2025-05-06 17:01:37,684 [Worker-11: Launching mavenrun-5fcff45d-21a1-4f75-9282-9228820dc707] INFO  o.eclipse.m2e.core.internal.Bundles - 	Entry: C:\Users\Nikhil\.p2\pool\plugins\org.eclipse.m2e.maven.runtime_3.9.900.20240824-1409\jars\maven-shared-utils-3.4.2.jar
2025-05-06 17:01:37,684 [Worker-11: Launching mavenrun-5fcff45d-21a1-4f75-9282-9228820dc707] INFO  o.eclipse.m2e.core.internal.Bundles - 	Entry: C:\Users\Nikhil\.p2\pool\plugins\org.eclipse.m2e.maven.runtime_3.9.900.20240824-1409\jars\org.eclipse.sisu.inject-0.9.0.M3.jar
2025-05-06 17:01:37,686 [Worker-11: Launching mavenrun-5fcff45d-21a1-4f75-9282-9228820dc707] INFO  o.eclipse.m2e.core.internal.Bundles - 	Entry: C:\Users\Nikhil\.p2\pool\plugins\org.eclipse.m2e.maven.runtime_3.9.900.20240824-1409\jars\org.eclipse.sisu.plexus-0.9.0.M3.jar
2025-05-06 17:01:37,686 [Worker-11: Launching mavenrun-5fcff45d-21a1-4f75-9282-9228820dc707] INFO  o.eclipse.m2e.core.internal.Bundles - 	Entry: C:\Users\Nikhil\.p2\pool\plugins\org.eclipse.m2e.maven.runtime_3.9.900.20240824-1409\jars\plexus-build-api-0.0.7.jar
2025-05-06 17:01:37,686 [Worker-11: Launching mavenrun-5fcff45d-21a1-4f75-9282-9228820dc707] INFO  o.eclipse.m2e.core.internal.Bundles - 	Entry: C:\Users\Nikhil\.p2\pool\plugins\org.eclipse.m2e.maven.runtime_3.9.900.20240824-1409\jars\plexus-build-api-1.2.0.jar
2025-05-06 17:01:37,686 [Worker-11: Launching mavenrun-5fcff45d-21a1-4f75-9282-9228820dc707] INFO  o.eclipse.m2e.core.internal.Bundles - 	Entry: C:\Users\Nikhil\.p2\pool\plugins\org.eclipse.m2e.maven.runtime_3.9.900.20240824-1409\jars\plexus-cipher-2.0.jar
2025-05-06 17:01:37,686 [Worker-11: Launching mavenrun-5fcff45d-21a1-4f75-9282-9228820dc707] INFO  o.eclipse.m2e.core.internal.Bundles - 	Entry: C:\Users\Nikhil\.p2\pool\plugins\org.eclipse.m2e.maven.runtime_3.9.900.20240824-1409\jars\plexus-classworlds-2.8.0.jar
2025-05-06 17:01:37,686 [Worker-11: Launching mavenrun-5fcff45d-21a1-4f75-9282-9228820dc707] INFO  o.eclipse.m2e.core.internal.Bundles - 	Entry: C:\Users\Nikhil\.p2\pool\plugins\org.eclipse.m2e.maven.runtime_3.9.900.20240824-1409\jars\plexus-component-annotations-2.1.0.jar
2025-05-06 17:01:37,686 [Worker-11: Launching mavenrun-5fcff45d-21a1-4f75-9282-9228820dc707] INFO  o.eclipse.m2e.core.internal.Bundles - 	Entry: C:\Users\Nikhil\.p2\pool\plugins\org.eclipse.m2e.maven.runtime_3.9.900.20240824-1409\jars\plexus-interpolation-1.27.jar
2025-05-06 17:01:37,686 [Worker-11: Launching mavenrun-5fcff45d-21a1-4f75-9282-9228820dc707] INFO  o.eclipse.m2e.core.internal.Bundles - 	Entry: C:\Users\Nikhil\.p2\pool\plugins\org.eclipse.m2e.maven.runtime_3.9.900.20240824-1409\jars\plexus-sec-dispatcher-2.0.jar
2025-05-06 17:01:37,686 [Worker-11: Launching mavenrun-5fcff45d-21a1-4f75-9282-9228820dc707] INFO  o.eclipse.m2e.core.internal.Bundles - 	Entry: C:\Users\Nikhil\.p2\pool\plugins\org.eclipse.m2e.maven.runtime_3.9.900.20240824-1409\jars\plexus-utils-3.5.1.jar
2025-05-06 17:01:37,686 [Worker-11: Launching mavenrun-5fcff45d-21a1-4f75-9282-9228820dc707] INFO  o.eclipse.m2e.core.internal.Bundles - 	Entry: C:\Users\Nikhil\.p2\pool\plugins\org.eclipse.m2e.maven.runtime_3.9.900.20240824-1409\jars\plexus-xml-3.0.1.jar
2025-05-06 17:01:37,686 [Worker-11: Launching mavenrun-5fcff45d-21a1-4f75-9282-9228820dc707] INFO  o.eclipse.m2e.core.internal.Bundles - 	Entry: C:\Users\Nikhil\.p2\pool\plugins\org.eclipse.m2e.maven.runtime_3.9.900.20240824-1409\jars\wagon-file-3.5.3.jar
2025-05-06 17:01:37,689 [Worker-11: Launching mavenrun-5fcff45d-21a1-4f75-9282-9228820dc707] INFO  o.eclipse.m2e.core.internal.Bundles - 	Entry: C:\Users\Nikhil\.p2\pool\plugins\org.eclipse.m2e.maven.runtime_3.9.900.20240824-1409\jars\wagon-http-3.5.3.jar
2025-05-06 17:01:37,689 [Worker-11: Launching mavenrun-5fcff45d-21a1-4f75-9282-9228820dc707] INFO  o.eclipse.m2e.core.internal.Bundles - 	Entry: C:\Users\Nikhil\.p2\pool\plugins\org.eclipse.m2e.maven.runtime_3.9.900.20240824-1409\jars\wagon-http-shared-3.5.3.jar
2025-05-06 17:01:37,689 [Worker-11: Launching mavenrun-5fcff45d-21a1-4f75-9282-9228820dc707] INFO  o.eclipse.m2e.core.internal.Bundles - 	Entry: C:\Users\Nikhil\.p2\pool\plugins\org.eclipse.m2e.maven.runtime_3.9.900.20240824-1409\jars\wagon-provider-api-3.5.3.jar
2025-05-06 17:01:37,690 [Worker-11: Launching mavenrun-5fcff45d-21a1-4f75-9282-9228820dc707] INFO  o.eclipse.m2e.core.internal.Bundles - getClasspathEntries(Bundle=com.google.guava_33.3.1.jre [1036])
2025-05-06 17:01:37,690 [Worker-11: Launching mavenrun-5fcff45d-21a1-4f75-9282-9228820dc707] INFO  o.eclipse.m2e.core.internal.Bundles - 	Entry: C:\Users\Nikhil\.p2\pool\plugins\com.google.guava_33.3.1.jre.jar
2025-05-06 17:01:37,690 [Worker-11: Launching mavenrun-5fcff45d-21a1-4f75-9282-9228820dc707] INFO  o.eclipse.m2e.core.internal.Bundles - getClasspathEntries(Bundle=slf4j.api_2.0.16 [1007])
2025-05-06 17:01:37,694 [Worker-11: Launching mavenrun-5fcff45d-21a1-4f75-9282-9228820dc707] INFO  o.eclipse.m2e.core.internal.Bundles - 	Entry: C:\Users\Nikhil\.p2\pool\plugins\slf4j.api_2.0.16.jar
2025-05-06 17:01:37,694 [Worker-11: Launching mavenrun-5fcff45d-21a1-4f75-9282-9228820dc707] INFO  o.eclipse.m2e.core.internal.Bundles - getClasspathEntries(Bundle=jakarta.inject.jakarta.inject-api_1.0.5 [34])
2025-05-06 17:01:37,694 [Worker-11: Launching mavenrun-5fcff45d-21a1-4f75-9282-9228820dc707] INFO  o.eclipse.m2e.core.internal.Bundles - 	Entry: C:\Users\Nikhil\.p2\pool\plugins\jakarta.inject.jakarta.inject-api_1.0.5.jar
2025-05-06 17:01:37,694 [Worker-11: Launching mavenrun-5fcff45d-21a1-4f75-9282-9228820dc707] INFO  o.eclipse.m2e.core.internal.Bundles - getClasspathEntries(Bundle=jakarta.annotation-api_1.3.5 [29])
2025-05-06 17:01:37,696 [Worker-11: Launching mavenrun-5fcff45d-21a1-4f75-9282-9228820dc707] INFO  o.eclipse.m2e.core.internal.Bundles - 	Entry: C:\Users\Nikhil\.p2\pool\plugins\jakarta.annotation-api_1.3.5.jar
2025-05-06 17:01:37,696 [Worker-11: Launching mavenrun-5fcff45d-21a1-4f75-9282-9228820dc707] INFO  o.eclipse.m2e.core.internal.Bundles - getClasspathEntries(Bundle=org.apache.commons.cli_1.9.0 [78])
2025-05-06 17:01:37,696 [Worker-11: Launching mavenrun-5fcff45d-21a1-4f75-9282-9228820dc707] INFO  o.eclipse.m2e.core.internal.Bundles - 	Entry: C:\Users\Nikhil\.p2\pool\plugins\org.apache.commons.cli_1.9.0.jar
2025-05-06 17:01:37,696 [Worker-11: Launching mavenrun-5fcff45d-21a1-4f75-9282-9228820dc707] INFO  o.eclipse.m2e.core.internal.Bundles - getClasspathEntries(Bundle=org.apache.commons.commons-codec_1.16.0 [81])
2025-05-06 17:01:37,696 [Worker-11: Launching mavenrun-5fcff45d-21a1-4f75-9282-9228820dc707] INFO  o.eclipse.m2e.core.internal.Bundles - 	Entry: C:\Users\Nikhil\.p2\pool\plugins\org.apache.commons.commons-codec_1.16.0.jar
2025-05-06 17:01:37,696 [Worker-11: Launching mavenrun-5fcff45d-21a1-4f75-9282-9228820dc707] INFO  o.eclipse.m2e.core.internal.Bundles - getClasspathEntries(Bundle=com.google.guava.failureaccess_1.0.2 [17])
2025-05-06 17:01:37,699 [Worker-11: Launching mavenrun-5fcff45d-21a1-4f75-9282-9228820dc707] INFO  o.eclipse.m2e.core.internal.Bundles - 	Entry: C:\Users\Nikhil\.p2\pool\plugins\com.google.guava.failureaccess_1.0.2.jar
2025-05-06 17:01:37,702 [Worker-11: Launching mavenrun-5fcff45d-21a1-4f75-9282-9228820dc707] INFO  o.e.m.i.launch.MavenLaunchDelegate - Run build in "C:\Users\Nikhil\AppData\Local\Temp\m2e-archetypeGenerator1002352937534761019":
2025-05-06 17:01:37,711 [Worker-11: Launching mavenrun-5fcff45d-21a1-4f75-9282-9228820dc707] INFO  o.e.m.i.launch.MavenLaunchDelegate -  mvn  -DarchetypeGroupId=org.apache.maven.archetypes -DarchetypeArtifactId=maven-archetype-quickstart -DarchetypeVersion=1.1 -DgroupId=com.nikhil -DartifactId=Project -Dversion=0.0.1-SNAPSHOT -Dpackage=com.nikhil.Project -DoutputDirectory=C:\Users\Nikhil\Desktop\javaEE -Dstyle.color=always -U archetype:generate
2025-05-06 17:02:49,937 [Worker-14: Creating maven-archetype-quickstart] INFO  o.e.m.c.i.p.ProjectConfigurationManager - Collecting project info '/pom.xml' C:\Users\Nikhil\Desktop\javaEE\Project\pom.xml
2025-05-06 17:02:50,997 [Worker-14: Creating maven-archetype-quickstart] INFO  o.e.m.c.i.l.LifecycleMappingFactory - Using org.eclipse.m2e.jdt.JarLifecycleMapping lifecycle mapping for MavenProject: com.nikhil:Project:0.0.1-SNAPSHOT @ C:\Users\Nikhil\Desktop\javaEE\Project\pom.xml.
2025-05-06 17:02:52,193 [Worker-14: Creating maven-archetype-quickstart] INFO  o.e.m.j.i.AbstractJavaProjectConfigurator - Adding source folder /Project/src/main/java
2025-05-06 17:02:52,197 [Worker-14: Creating maven-archetype-quickstart] INFO  o.e.m.j.i.AbstractJavaProjectConfigurator - Adding resource folder /Project/src/main/resources
2025-05-06 17:02:52,203 [Worker-14: Creating maven-archetype-quickstart] INFO  o.e.m.j.i.AbstractJavaProjectConfigurator - Adding source folder /Project/src/test/java
2025-05-06 17:02:52,204 [Worker-14: Creating maven-archetype-quickstart] INFO  o.e.m.j.i.AbstractJavaProjectConfigurator - Adding resource folder /Project/src/test/resources
2025-05-06 17:02:52,371 [Worker-14: Creating maven-archetype-quickstart] INFO  o.e.m.c.i.p.ProjectConfigurationManager - Imported and configured 1 project(s) in 2 sec
2025-05-06 17:02:53,997 [Worker-11: Building] INFO  o.a.m.s.f.DefaultMavenResourcesFiltering - skip non existing resourceDirectory C:\Users\Nikhil\Desktop\javaEE\Project\src\main\resources
2025-05-06 17:02:54,004 [Worker-11: Building] INFO  o.a.m.s.f.DefaultMavenResourcesFiltering - skip non existing resourceDirectory C:\Users\Nikhil\Desktop\javaEE\Project\src\test\resources
2025-05-06 17:11:53,973 [Worker-37: Launching App] INFO  o.e.m.c.i.l.LifecycleMappingFactory - Using org.eclipse.m2e.jdt.JarLifecycleMapping lifecycle mapping for MavenProject: com.nikhil:Project:0.0.1-SNAPSHOT @ C:\Users\Nikhil\Desktop\javaEE\Project\pom.xml.
2025-05-06 17:11:54,114 [Worker-37: Launching App] INFO  o.e.m.c.i.e.AbstractTransferListenerAdapter - Downloading https://repo.maven.apache.org/maven2/org/springframework/spring-context/6.2.6/spring-context-6.2.6.pom
2025-05-06 17:11:54,133 [Worker-37: Launching App] INFO  o.e.m.c.i.e.AbstractTransferListenerAdapter - Downloaded https://repo.maven.apache.org/maven2/org/springframework/spring-context/6.2.6/spring-context-6.2.6.pom
2025-05-06 17:11:54,153 [Worker-37: Launching App] INFO  o.e.m.c.i.e.AbstractTransferListenerAdapter - Downloading https://repo.maven.apache.org/maven2/org/springframework/spring-aop/6.2.6/spring-aop-6.2.6.pom
2025-05-06 17:11:54,159 [Worker-37: Launching App] INFO  o.e.m.c.i.e.AbstractTransferListenerAdapter - Downloaded https://repo.maven.apache.org/maven2/org/springframework/spring-aop/6.2.6/spring-aop-6.2.6.pom
2025-05-06 17:11:54,179 [Worker-37: Launching App] INFO  o.e.m.c.i.e.AbstractTransferListenerAdapter - Downloading https://repo.maven.apache.org/maven2/org/springframework/spring-beans/6.2.6/spring-beans-6.2.6.pom
2025-05-06 17:11:54,187 [Worker-37: Launching App] INFO  o.e.m.c.i.e.AbstractTransferListenerAdapter - Downloaded https://repo.maven.apache.org/maven2/org/springframework/spring-beans/6.2.6/spring-beans-6.2.6.pom
2025-05-06 17:11:54,206 [Worker-37: Launching App] INFO  o.e.m.c.i.e.AbstractTransferListenerAdapter - Downloading https://repo.maven.apache.org/maven2/org/springframework/spring-core/6.2.6/spring-core-6.2.6.pom
2025-05-06 17:11:54,212 [Worker-37: Launching App] INFO  o.e.m.c.i.e.AbstractTransferListenerAdapter - Downloaded https://repo.maven.apache.org/maven2/org/springframework/spring-core/6.2.6/spring-core-6.2.6.pom
2025-05-06 17:11:54,236 [Worker-37: Launching App] INFO  o.e.m.c.i.e.AbstractTransferListenerAdapter - Downloading https://repo.maven.apache.org/maven2/org/springframework/spring-jcl/6.2.6/spring-jcl-6.2.6.pom
2025-05-06 17:11:54,240 [Worker-37: Launching App] INFO  o.e.m.c.i.e.AbstractTransferListenerAdapter - Downloaded https://repo.maven.apache.org/maven2/org/springframework/spring-jcl/6.2.6/spring-jcl-6.2.6.pom
2025-05-06 17:11:54,258 [Worker-37: Launching App] INFO  o.e.m.c.i.e.AbstractTransferListenerAdapter - Downloading https://repo.maven.apache.org/maven2/org/springframework/spring-expression/6.2.6/spring-expression-6.2.6.pom
2025-05-06 17:11:54,264 [Worker-37: Launching App] INFO  o.e.m.c.i.e.AbstractTransferListenerAdapter - Downloaded https://repo.maven.apache.org/maven2/org/springframework/spring-expression/6.2.6/spring-expression-6.2.6.pom
2025-05-06 17:11:54,284 [Worker-37: Launching App] INFO  o.e.m.c.i.e.AbstractTransferListenerAdapter - Downloading https://repo.maven.apache.org/maven2/io/micrometer/micrometer-observation/1.14.5/micrometer-observation-1.14.5.pom
2025-05-06 17:11:54,291 [Worker-37: Launching App] INFO  o.e.m.c.i.e.AbstractTransferListenerAdapter - Downloaded https://repo.maven.apache.org/maven2/io/micrometer/micrometer-observation/1.14.5/micrometer-observation-1.14.5.pom
2025-05-06 17:11:54,310 [Worker-37: Launching App] INFO  o.e.m.c.i.e.AbstractTransferListenerAdapter - Downloading https://repo.maven.apache.org/maven2/io/micrometer/micrometer-commons/1.14.5/micrometer-commons-1.14.5.pom
2025-05-06 17:11:54,316 [Worker-37: Launching App] INFO  o.e.m.c.i.e.AbstractTransferListenerAdapter - Downloaded https://repo.maven.apache.org/maven2/io/micrometer/micrometer-commons/1.14.5/micrometer-commons-1.14.5.pom
2025-05-06 17:11:54,339 [Worker-37: Launching App] INFO  o.e.m.c.i.e.AbstractTransferListenerAdapter - Downloading https://repo.maven.apache.org/maven2/org/springframework/spring-context/6.2.6/spring-context-6.2.6.jar
2025-05-06 17:11:54,625 [Worker-37: Launching App] INFO  o.e.m.c.i.e.AbstractTransferListenerAdapter - Downloaded https://repo.maven.apache.org/maven2/org/springframework/spring-context/6.2.6/spring-context-6.2.6.jar
2025-05-06 17:11:54,640 [BasicRepositoryConnector-repo.maven.apache.org-0-0] INFO  o.e.m.c.i.e.AbstractTransferListenerAdapter - Downloading https://repo.maven.apache.org/maven2/org/springframework/spring-aop/6.2.6/spring-aop-6.2.6.jar
2025-05-06 17:11:54,699 [BasicRepositoryConnector-repo.maven.apache.org-0-2] INFO  o.e.m.c.i.e.AbstractTransferListenerAdapter - Downloading https://repo.maven.apache.org/maven2/org/springframework/spring-core/6.2.6/spring-core-6.2.6.jar
2025-05-06 17:11:54,710 [BasicRepositoryConnector-repo.maven.apache.org-0-4] INFO  o.e.m.c.i.e.AbstractTransferListenerAdapter - Downloading https://repo.maven.apache.org/maven2/org/springframework/spring-expression/6.2.6/spring-expression-6.2.6.jar
2025-05-06 17:11:54,710 [BasicRepositoryConnector-repo.maven.apache.org-0-1] INFO  o.e.m.c.i.e.AbstractTransferListenerAdapter - Downloading https://repo.maven.apache.org/maven2/org/springframework/spring-beans/6.2.6/spring-beans-6.2.6.jar
2025-05-06 17:11:54,719 [BasicRepositoryConnector-repo.maven.apache.org-0-0] INFO  o.e.m.c.i.e.AbstractTransferListenerAdapter - Downloaded https://repo.maven.apache.org/maven2/org/springframework/spring-aop/6.2.6/spring-aop-6.2.6.jar
2025-05-06 17:11:54,720 [BasicRepositoryConnector-repo.maven.apache.org-0-3] INFO  o.e.m.c.i.e.AbstractTransferListenerAdapter - Downloading https://repo.maven.apache.org/maven2/org/springframework/spring-jcl/6.2.6/spring-jcl-6.2.6.jar
2025-05-06 17:11:54,727 [BasicRepositoryConnector-repo.maven.apache.org-0-3] INFO  o.e.m.c.i.e.AbstractTransferListenerAdapter - Downloaded https://repo.maven.apache.org/maven2/org/springframework/spring-jcl/6.2.6/spring-jcl-6.2.6.jar
2025-05-06 17:11:54,747 [BasicRepositoryConnector-repo.maven.apache.org-0-0] INFO  o.e.m.c.i.e.AbstractTransferListenerAdapter - Downloading https://repo.maven.apache.org/maven2/io/micrometer/micrometer-observation/1.14.5/micrometer-observation-1.14.5.jar
2025-05-06 17:11:54,755 [BasicRepositoryConnector-repo.maven.apache.org-0-3] INFO  o.e.m.c.i.e.AbstractTransferListenerAdapter - Downloading https://repo.maven.apache.org/maven2/io/micrometer/micrometer-commons/1.14.5/micrometer-commons-1.14.5.jar
2025-05-06 17:11:54,827 [BasicRepositoryConnector-repo.maven.apache.org-0-3] INFO  o.e.m.c.i.e.AbstractTransferListenerAdapter - Downloaded https://repo.maven.apache.org/maven2/io/micrometer/micrometer-commons/1.14.5/micrometer-commons-1.14.5.jar
2025-05-06 17:11:54,844 [BasicRepositoryConnector-repo.maven.apache.org-0-0] INFO  o.e.m.c.i.e.AbstractTransferListenerAdapter - Downloaded https://repo.maven.apache.org/maven2/io/micrometer/micrometer-observation/1.14.5/micrometer-observation-1.14.5.jar
2025-05-06 17:11:54,853 [BasicRepositoryConnector-repo.maven.apache.org-0-4] INFO  o.e.m.c.i.e.AbstractTransferListenerAdapter - Downloaded https://repo.maven.apache.org/maven2/org/springframework/spring-expression/6.2.6/spring-expression-6.2.6.jar
2025-05-06 17:11:55,012 [BasicRepositoryConnector-repo.maven.apache.org-0-1] INFO  o.e.m.c.i.e.AbstractTransferListenerAdapter - Downloaded https://repo.maven.apache.org/maven2/org/springframework/spring-beans/6.2.6/spring-beans-6.2.6.jar
2025-05-06 17:11:55,229 [BasicRepositoryConnector-repo.maven.apache.org-0-2] INFO  o.e.m.c.i.e.AbstractTransferListenerAdapter - Downloaded https://repo.maven.apache.org/maven2/org/springframework/spring-core/6.2.6/spring-core-6.2.6.jar
2025-05-06 17:11:55,530 [Worker-37: Launching App] INFO  o.a.m.s.f.DefaultMavenResourcesFiltering - skip non existing resourceDirectory C:\Users\Nikhil\Desktop\javaEE\Project\src\main\resources
2025-05-06 17:11:55,536 [Worker-37: Launching App] INFO  o.a.m.s.f.DefaultMavenResourcesFiltering - skip non existing resourceDirectory C:\Users\Nikhil\Desktop\javaEE\Project\src\test\resources
2025-05-06 17:11:56,241 [Worker-11: Building] INFO  o.a.m.s.f.DefaultMavenResourcesFiltering - skip non existing resourceDirectory C:\Users\Nikhil\Desktop\javaEE\Project\src\main\resources
2025-05-06 17:11:56,244 [Worker-11: Building] INFO  o.a.m.s.f.DefaultMavenResourcesFiltering - skip non existing resourceDirectory C:\Users\Nikhil\Desktop\javaEE\Project\src\test\resources
2025-05-06 17:11:56,439 [Worker-39: Download sources and javadoc] INFO  o.e.m.c.i.e.AbstractTransferListenerAdapter - Downloading https://repo.maven.apache.org/maven2/org/springframework/spring-context/6.2.6/spring-context-6.2.6-sources.jar
2025-05-06 17:11:56,674 [Worker-39: Download sources and javadoc] INFO  o.e.m.c.i.e.AbstractTransferListenerAdapter - Downloaded https://repo.maven.apache.org/maven2/org/springframework/spring-context/6.2.6/spring-context-6.2.6-sources.jar
2025-05-06 17:11:56,680 [Worker-39: Download sources and javadoc] INFO  o.e.m.j.internal.DownloadSourcesJob - Downloaded sources for org.springframework:spring-context:6.2.6
2025-05-06 17:11:56,737 [Worker-39: Download sources and javadoc] INFO  o.e.m.c.i.e.AbstractTransferListenerAdapter - Downloading https://repo.maven.apache.org/maven2/org/springframework/spring-aop/6.2.6/spring-aop-6.2.6-sources.jar
2025-05-06 17:11:56,831 [Worker-39: Download sources and javadoc] INFO  o.e.m.c.i.e.AbstractTransferListenerAdapter - Downloaded https://repo.maven.apache.org/maven2/org/springframework/spring-aop/6.2.6/spring-aop-6.2.6-sources.jar
2025-05-06 17:11:56,839 [Worker-39: Download sources and javadoc] INFO  o.e.m.j.internal.DownloadSourcesJob - Downloaded sources for org.springframework:spring-aop:6.2.6
2025-05-06 17:11:56,881 [Worker-39: Download sources and javadoc] INFO  o.e.m.c.i.e.AbstractTransferListenerAdapter - Downloading https://repo.maven.apache.org/maven2/org/springframework/spring-beans/6.2.6/spring-beans-6.2.6-sources.jar
2025-05-06 17:11:57,006 [Worker-39: Download sources and javadoc] INFO  o.e.m.c.i.e.AbstractTransferListenerAdapter - Downloaded https://repo.maven.apache.org/maven2/org/springframework/spring-beans/6.2.6/spring-beans-6.2.6-sources.jar
2025-05-06 17:11:57,012 [Worker-39: Download sources and javadoc] INFO  o.e.m.j.internal.DownloadSourcesJob - Downloaded sources for org.springframework:spring-beans:6.2.6
2025-05-06 17:11:57,079 [Worker-39: Download sources and javadoc] INFO  o.e.m.c.i.e.AbstractTransferListenerAdapter - Downloading https://repo.maven.apache.org/maven2/org/springframework/spring-core/6.2.6/spring-core-6.2.6-sources.jar
2025-05-06 17:11:57,334 [Worker-39: Download sources and javadoc] INFO  o.e.m.c.i.e.AbstractTransferListenerAdapter - Downloaded https://repo.maven.apache.org/maven2/org/springframework/spring-core/6.2.6/spring-core-6.2.6-sources.jar
2025-05-06 17:11:57,341 [Worker-39: Download sources and javadoc] INFO  o.e.m.j.internal.DownloadSourcesJob - Downloaded sources for org.springframework:spring-core:6.2.6
2025-05-06 17:11:57,384 [Worker-39: Download sources and javadoc] INFO  o.e.m.c.i.e.AbstractTransferListenerAdapter - Downloading https://repo.maven.apache.org/maven2/org/springframework/spring-jcl/6.2.6/spring-jcl-6.2.6-sources.jar
2025-05-06 17:11:57,392 [Worker-39: Download sources and javadoc] INFO  o.e.m.c.i.e.AbstractTransferListenerAdapter - Downloaded https://repo.maven.apache.org/maven2/org/springframework/spring-jcl/6.2.6/spring-jcl-6.2.6-sources.jar
2025-05-06 17:11:57,397 [Worker-39: Download sources and javadoc] INFO  o.e.m.j.internal.DownloadSourcesJob - Downloaded sources for org.springframework:spring-jcl:6.2.6
2025-05-06 17:11:57,434 [Worker-39: Download sources and javadoc] INFO  o.e.m.c.i.e.AbstractTransferListenerAdapter - Downloading https://repo.maven.apache.org/maven2/org/springframework/spring-expression/6.2.6/spring-expression-6.2.6-sources.jar
2025-05-06 17:11:57,487 [Worker-39: Download sources and javadoc] INFO  o.e.m.c.i.e.AbstractTransferListenerAdapter - Downloaded https://repo.maven.apache.org/maven2/org/springframework/spring-expression/6.2.6/spring-expression-6.2.6-sources.jar
2025-05-06 17:11:57,493 [Worker-39: Download sources and javadoc] INFO  o.e.m.j.internal.DownloadSourcesJob - Downloaded sources for org.springframework:spring-expression:6.2.6
2025-05-06 17:11:57,545 [Worker-39: Download sources and javadoc] INFO  o.e.m.c.i.e.AbstractTransferListenerAdapter - Downloading https://repo.maven.apache.org/maven2/io/micrometer/micrometer-observation/1.14.5/micrometer-observation-1.14.5-sources.jar
2025-05-06 17:11:57,559 [Worker-39: Download sources and javadoc] INFO  o.e.m.c.i.e.AbstractTransferListenerAdapter - Downloaded https://repo.maven.apache.org/maven2/io/micrometer/micrometer-observation/1.14.5/micrometer-observation-1.14.5-sources.jar
2025-05-06 17:11:57,565 [Worker-39: Download sources and javadoc] INFO  o.e.m.j.internal.DownloadSourcesJob - Downloaded sources for io.micrometer:micrometer-observation:1.14.5
2025-05-06 17:11:57,619 [Worker-39: Download sources and javadoc] INFO  o.e.m.c.i.e.AbstractTransferListenerAdapter - Downloading https://repo.maven.apache.org/maven2/io/micrometer/micrometer-commons/1.14.5/micrometer-commons-1.14.5-sources.jar
2025-05-06 17:11:57,635 [Worker-39: Download sources and javadoc] INFO  o.e.m.c.i.e.AbstractTransferListenerAdapter - Downloaded https://repo.maven.apache.org/maven2/io/micrometer/micrometer-commons/1.14.5/micrometer-commons-1.14.5-sources.jar
2025-05-06 17:11:57,642 [Worker-39: Download sources and javadoc] INFO  o.e.m.j.internal.DownloadSourcesJob - Downloaded sources for io.micrometer:micrometer-commons:1.14.5
2025-05-06 17:12:35,251 [Worker-35: Launching App] INFO  o.a.m.s.f.DefaultMavenResourcesFiltering - skip non existing resourceDirectory C:\Users\Nikhil\Desktop\javaEE\Project\src\main\resources
2025-05-06 17:12:35,257 [Worker-35: Launching App] INFO  o.a.m.s.f.DefaultMavenResourcesFiltering - skip non existing resourceDirectory C:\Users\Nikhil\Desktop\javaEE\Project\src\test\resources
2025-05-06 17:36:11,453 [Worker-33: Building] INFO  o.a.m.s.f.DefaultMavenResourcesFiltering - skip non existing resourceDirectory C:\Users\Nikhil\Desktop\javaEE\Project\src\main\resources
2025-05-06 17:36:11,457 [Worker-33: Building] INFO  o.a.m.s.f.DefaultMavenResourcesFiltering - skip non existing resourceDirectory C:\Users\Nikhil\Desktop\javaEE\Project\src\test\resources
2025-05-06 17:44:41,593 [Worker-44: Building] INFO  o.a.m.s.f.DefaultMavenResourcesFiltering - skip non existing resourceDirectory C:\Users\Nikhil\Desktop\javaEE\Project\src\main\resources
2025-05-06 17:44:41,597 [Worker-44: Building] INFO  o.a.m.s.f.DefaultMavenResourcesFiltering - skip non existing resourceDirectory C:\Users\Nikhil\Desktop\javaEE\Project\src\test\resources
2025-05-06 17:44:59,481 [Worker-51: Building] INFO  o.a.m.s.f.DefaultMavenResourcesFiltering - skip non existing resourceDirectory C:\Users\Nikhil\Desktop\javaEE\Project\src\main\resources
2025-05-06 17:44:59,488 [Worker-51: Building] INFO  o.a.m.s.f.DefaultMavenResourcesFiltering - skip non existing resourceDirectory C:\Users\Nikhil\Desktop\javaEE\Project\src\test\resources
2025-05-06 17:45:17,380 [Worker-52: Building] INFO  o.a.m.s.f.DefaultMavenResourcesFiltering - skip non existing resourceDirectory C:\Users\Nikhil\Desktop\javaEE\Project\src\main\resources
2025-05-06 17:45:17,386 [Worker-52: Building] INFO  o.a.m.s.f.DefaultMavenResourcesFiltering - skip non existing resourceDirectory C:\Users\Nikhil\Desktop\javaEE\Project\src\test\resources
2025-05-06 17:47:49,521 [Worker-54: Building] INFO  o.a.m.s.f.DefaultMavenResourcesFiltering - skip non existing resourceDirectory C:\Users\Nikhil\Desktop\javaEE\Project\src\main\resources
2025-05-06 17:47:49,526 [Worker-54: Building] INFO  o.a.m.s.f.DefaultMavenResourcesFiltering - skip non existing resourceDirectory C:\Users\Nikhil\Desktop\javaEE\Project\src\test\resources
2025-05-06 17:49:21,703 [Worker-55: Building] INFO  o.a.m.s.f.DefaultMavenResourcesFiltering - skip non existing resourceDirectory C:\Users\Nikhil\Desktop\javaEE\Project\src\main\resources
2025-05-06 17:49:21,707 [Worker-55: Building] INFO  o.a.m.s.f.DefaultMavenResourcesFiltering - skip non existing resourceDirectory C:\Users\Nikhil\Desktop\javaEE\Project\src\test\resources
2025-05-06 17:49:42,565 [Worker-53: Building] INFO  o.a.m.s.f.DefaultMavenResourcesFiltering - skip non existing resourceDirectory C:\Users\Nikhil\Desktop\javaEE\Project\src\main\resources
2025-05-06 17:49:42,570 [Worker-53: Building] INFO  o.a.m.s.f.DefaultMavenResourcesFiltering - skip non existing resourceDirectory C:\Users\Nikhil\Desktop\javaEE\Project\src\test\resources
2025-05-06 17:50:10,192 [Worker-50: Building] INFO  o.a.m.s.f.DefaultMavenResourcesFiltering - skip non existing resourceDirectory C:\Users\Nikhil\Desktop\javaEE\Project\src\main\resources
2025-05-06 17:50:10,194 [Worker-50: Building] INFO  o.a.m.s.f.DefaultMavenResourcesFiltering - skip non existing resourceDirectory C:\Users\Nikhil\Desktop\javaEE\Project\src\test\resources
2025-05-06 17:50:32,811 [Worker-53: Building] INFO  o.a.m.s.f.DefaultMavenResourcesFiltering - skip non existing resourceDirectory C:\Users\Nikhil\Desktop\javaEE\Project\src\main\resources
2025-05-06 17:50:32,816 [Worker-53: Building] INFO  o.a.m.s.f.DefaultMavenResourcesFiltering - skip non existing resourceDirectory C:\Users\Nikhil\Desktop\javaEE\Project\src\test\resources
2025-05-06 17:50:45,145 [Worker-54: Building] INFO  o.a.m.s.f.DefaultMavenResourcesFiltering - skip non existing resourceDirectory C:\Users\Nikhil\Desktop\javaEE\Project\src\main\resources
2025-05-06 17:50:45,149 [Worker-54: Building] INFO  o.a.m.s.f.DefaultMavenResourcesFiltering - skip non existing resourceDirectory C:\Users\Nikhil\Desktop\javaEE\Project\src\test\resources
2025-05-06 17:58:00,484 [Worker-57: Building] INFO  o.a.m.s.f.DefaultMavenResourcesFiltering - skip non existing resourceDirectory C:\Users\Nikhil\Desktop\javaEE\Project\src\main\resources
2025-05-06 17:58:00,488 [Worker-57: Building] INFO  o.a.m.s.f.DefaultMavenResourcesFiltering - skip non existing resourceDirectory C:\Users\Nikhil\Desktop\javaEE\Project\src\test\resources
2025-05-06 17:58:46,779 [Worker-50: Building] INFO  o.a.m.s.f.DefaultMavenResourcesFiltering - skip non existing resourceDirectory C:\Users\Nikhil\Desktop\javaEE\Project\src\main\resources
2025-05-06 17:58:46,784 [Worker-50: Building] INFO  o.a.m.s.f.DefaultMavenResourcesFiltering - skip non existing resourceDirectory C:\Users\Nikhil\Desktop\javaEE\Project\src\test\resources
2025-05-06 17:59:04,871 [Worker-56: Building] INFO  o.a.m.s.f.DefaultMavenResourcesFiltering - skip non existing resourceDirectory C:\Users\Nikhil\Desktop\javaEE\Project\src\main\resources
2025-05-06 17:59:04,873 [Worker-56: Building] INFO  o.a.m.s.f.DefaultMavenResourcesFiltering - skip non existing resourceDirectory C:\Users\Nikhil\Desktop\javaEE\Project\src\test\resources
2025-05-06 18:01:07,856 [Worker-57: Building] INFO  o.a.m.s.f.DefaultMavenResourcesFiltering - skip non existing resourceDirectory C:\Users\Nikhil\Desktop\javaEE\Project\src\main\resources
2025-05-06 18:01:07,860 [Worker-57: Building] INFO  o.a.m.s.f.DefaultMavenResourcesFiltering - skip non existing resourceDirectory C:\Users\Nikhil\Desktop\javaEE\Project\src\test\resources
2025-05-06 18:01:54,552 [Worker-50: Building] INFO  o.a.m.s.f.DefaultMavenResourcesFiltering - skip non existing resourceDirectory C:\Users\Nikhil\Desktop\javaEE\Project\src\main\resources
2025-05-06 18:01:54,555 [Worker-50: Building] INFO  o.a.m.s.f.DefaultMavenResourcesFiltering - skip non existing resourceDirectory C:\Users\Nikhil\Desktop\javaEE\Project\src\test\resources
2025-05-06 18:02:08,762 [Worker-56: Building] INFO  o.a.m.s.f.DefaultMavenResourcesFiltering - skip non existing resourceDirectory C:\Users\Nikhil\Desktop\javaEE\Project\src\main\resources
2025-05-06 18:02:08,768 [Worker-56: Building] INFO  o.a.m.s.f.DefaultMavenResourcesFiltering - skip non existing resourceDirectory C:\Users\Nikhil\Desktop\javaEE\Project\src\test\resources
2025-05-06 18:02:28,572 [Worker-56: Building] INFO  o.a.m.s.f.DefaultMavenResourcesFiltering - skip non existing resourceDirectory C:\Users\Nikhil\Desktop\javaEE\Project\src\main\resources
2025-05-06 18:02:28,576 [Worker-56: Building] INFO  o.a.m.s.f.DefaultMavenResourcesFiltering - skip non existing resourceDirectory C:\Users\Nikhil\Desktop\javaEE\Project\src\test\resources
2025-05-06 18:05:13,237 [Worker-57: Building] INFO  o.a.m.s.f.DefaultMavenResourcesFiltering - skip non existing resourceDirectory C:\Users\Nikhil\Desktop\javaEE\Project\src\main\resources
2025-05-06 18:05:13,244 [Worker-57: Building] INFO  o.a.m.s.f.DefaultMavenResourcesFiltering - skip non existing resourceDirectory C:\Users\Nikhil\Desktop\javaEE\Project\src\test\resources
2025-05-06 18:05:32,523 [Worker-56: Building] INFO  o.a.m.s.f.DefaultMavenResourcesFiltering - skip non existing resourceDirectory C:\Users\Nikhil\Desktop\javaEE\Project\src\main\resources
2025-05-06 18:05:32,525 [Worker-56: Building] INFO  o.a.m.s.f.DefaultMavenResourcesFiltering - skip non existing resourceDirectory C:\Users\Nikhil\Desktop\javaEE\Project\src\test\resources
2025-05-06 18:09:25,216 [Worker-60: Building] INFO  o.a.m.s.f.DefaultMavenResourcesFiltering - skip non existing resourceDirectory C:\Users\Nikhil\Desktop\javaEE\Project\src\main\resources
2025-05-06 18:09:25,220 [Worker-60: Building] INFO  o.a.m.s.f.DefaultMavenResourcesFiltering - skip non existing resourceDirectory C:\Users\Nikhil\Desktop\javaEE\Project\src\test\resources
2025-05-06 18:13:55,470 [Worker-57: Validation] INFO  o.a.m.s.f.DefaultMavenResourcesFiltering - skip non existing resourceDirectory C:\Users\Nikhil\Desktop\javaEE\Project\src\main\resources
2025-05-06 18:13:55,472 [Worker-57: Validation] INFO  o.a.m.s.f.DefaultMavenResourcesFiltering - skip non existing resourceDirectory C:\Users\Nikhil\Desktop\javaEE\Project\src\test\resources
2025-05-06 18:13:59,954 [Worker-60: Validation] INFO  o.a.m.s.f.DefaultMavenResourcesFiltering - skip non existing resourceDirectory C:\Users\Nikhil\Desktop\javaEE\Project\src\main\resources
2025-05-06 18:13:59,959 [Worker-60: Validation] INFO  o.a.m.s.f.DefaultMavenResourcesFiltering - skip non existing resourceDirectory C:\Users\Nikhil\Desktop\javaEE\Project\src\test\resources
2025-05-06 18:14:09,831 [Worker-64: Validation] INFO  o.a.m.s.f.DefaultMavenResourcesFiltering - skip non existing resourceDirectory C:\Users\Nikhil\Desktop\javaEE\Project\src\main\resources
2025-05-06 18:14:09,833 [Worker-64: Validation] INFO  o.a.m.s.f.DefaultMavenResourcesFiltering - skip non existing resourceDirectory C:\Users\Nikhil\Desktop\javaEE\Project\src\test\resources
2025-05-06 18:14:20,132 [Worker-60: Validation] INFO  o.a.m.s.f.DefaultMavenResourcesFiltering - skip non existing resourceDirectory C:\Users\Nikhil\Desktop\javaEE\Project\src\main\resources
2025-05-06 18:14:20,134 [Worker-60: Validation] INFO  o.a.m.s.f.DefaultMavenResourcesFiltering - skip non existing resourceDirectory C:\Users\Nikhil\Desktop\javaEE\Project\src\test\resources
2025-05-06 18:14:24,847 [Worker-60: Validation] INFO  o.a.m.s.f.DefaultMavenResourcesFiltering - skip non existing resourceDirectory C:\Users\Nikhil\Desktop\javaEE\Project\src\main\resources
2025-05-06 18:14:24,850 [Worker-60: Validation] INFO  o.a.m.s.f.DefaultMavenResourcesFiltering - skip non existing resourceDirectory C:\Users\Nikhil\Desktop\javaEE\Project\src\test\resources
2025-05-06 18:16:00,498 [Worker-66: Building] INFO  o.a.m.s.f.DefaultMavenResourcesFiltering - skip non existing resourceDirectory C:\Users\Nikhil\Desktop\javaEE\Project\src\main\resources
2025-05-06 18:16:00,502 [Worker-66: Building] INFO  o.a.m.s.f.DefaultMavenResourcesFiltering - skip non existing resourceDirectory C:\Users\Nikhil\Desktop\javaEE\Project\src\test\resources
2025-05-06 18:23:18,512 [Worker-70: Building] INFO  o.a.m.s.f.DefaultMavenResourcesFiltering - skip non existing resourceDirectory C:\Users\Nikhil\Desktop\javaEE\Project\src\main\resources
2025-05-06 18:23:18,516 [Worker-70: Building] INFO  o.a.m.s.f.DefaultMavenResourcesFiltering - skip non existing resourceDirectory C:\Users\Nikhil\Desktop\javaEE\Project\src\test\resources
2025-05-06 18:41:19,821 [Worker-72: Launching App] INFO  o.a.m.s.f.DefaultMavenResourcesFiltering - skip non existing resourceDirectory C:\Users\Nikhil\Desktop\javaEE\Project\src\main\resources
2025-05-06 18:41:19,825 [Worker-72: Launching App] INFO  o.a.m.s.f.DefaultMavenResourcesFiltering - skip non existing resourceDirectory C:\Users\Nikhil\Desktop\javaEE\Project\src\test\resources
2025-05-06 18:41:39,065 [Worker-79: Building] INFO  o.a.m.s.f.DefaultMavenResourcesFiltering - skip non existing resourceDirectory C:\Users\Nikhil\Desktop\javaEE\Project\src\main\resources
2025-05-06 18:41:39,066 [Worker-79: Building] INFO  o.a.m.s.f.DefaultMavenResourcesFiltering - skip non existing resourceDirectory C:\Users\Nikhil\Desktop\javaEE\Project\src\test\resources
2025-05-06 18:42:25,752 [Worker-78: Launching mavenrun-858e71ad-8737-4ebf-bf61-1d182f948dd5] INFO  o.eclipse.m2e.core.internal.Bundles - getClasspathEntries(Bundle=org.eclipse.m2e.maven.runtime_3.9.900.20240824-1409 [642])
2025-05-06 18:42:25,753 [Worker-78: Launching mavenrun-858e71ad-8737-4ebf-bf61-1d182f948dd5] INFO  o.eclipse.m2e.core.internal.Bundles - 	Entry: C:\Users\Nikhil\.p2\pool\plugins\org.eclipse.m2e.maven.runtime_3.9.900.20240824-1409
2025-05-06 18:42:25,754 [Worker-78: Launching mavenrun-858e71ad-8737-4ebf-bf61-1d182f948dd5] INFO  o.eclipse.m2e.core.internal.Bundles - 	Entry: C:\Users\Nikhil\.p2\pool\plugins\org.eclipse.m2e.maven.runtime_3.9.900.20240824-1409\jars\aopalliance-1.0.jar
2025-05-06 18:42:25,754 [Worker-78: Launching mavenrun-858e71ad-8737-4ebf-bf61-1d182f948dd5] INFO  o.eclipse.m2e.core.internal.Bundles - 	Entry: C:\Users\Nikhil\.p2\pool\plugins\org.eclipse.m2e.maven.runtime_3.9.900.20240824-1409\jars\guice-5.1.0.jar
2025-05-06 18:42:25,754 [Worker-78: Launching mavenrun-858e71ad-8737-4ebf-bf61-1d182f948dd5] INFO  o.eclipse.m2e.core.internal.Bundles - 	Entry: C:\Users\Nikhil\.p2\pool\plugins\org.eclipse.m2e.maven.runtime_3.9.900.20240824-1409\jars\httpclient-4.5.14.jar
2025-05-06 18:42:25,754 [Worker-78: Launching mavenrun-858e71ad-8737-4ebf-bf61-1d182f948dd5] INFO  o.eclipse.m2e.core.internal.Bundles - 	Entry: C:\Users\Nikhil\.p2\pool\plugins\org.eclipse.m2e.maven.runtime_3.9.900.20240824-1409\jars\httpcore-4.4.16.jar
2025-05-06 18:42:25,754 [Worker-78: Launching mavenrun-858e71ad-8737-4ebf-bf61-1d182f948dd5] INFO  o.eclipse.m2e.core.internal.Bundles - 	Entry: C:\Users\Nikhil\.p2\pool\plugins\org.eclipse.m2e.maven.runtime_3.9.900.20240824-1409\jars\jansi-2.4.1.jar
2025-05-06 18:42:25,754 [Worker-78: Launching mavenrun-858e71ad-8737-4ebf-bf61-1d182f948dd5] INFO  o.eclipse.m2e.core.internal.Bundles - 	Entry: C:\Users\Nikhil\.p2\pool\plugins\org.eclipse.m2e.maven.runtime_3.9.900.20240824-1409\jars\jcl-over-slf4j-1.7.36.jar
2025-05-06 18:42:25,755 [Worker-78: Launching mavenrun-858e71ad-8737-4ebf-bf61-1d182f948dd5] INFO  o.eclipse.m2e.core.internal.Bundles - 	Entry: C:\Users\Nikhil\.p2\pool\plugins\org.eclipse.m2e.maven.runtime_3.9.900.20240824-1409\jars\maven-artifact-3.9.9.jar
2025-05-06 18:42:25,755 [Worker-78: Launching mavenrun-858e71ad-8737-4ebf-bf61-1d182f948dd5] INFO  o.eclipse.m2e.core.internal.Bundles - 	Entry: C:\Users\Nikhil\.p2\pool\plugins\org.eclipse.m2e.maven.runtime_3.9.900.20240824-1409\jars\maven-builder-support-3.9.9.jar
2025-05-06 18:42:25,755 [Worker-78: Launching mavenrun-858e71ad-8737-4ebf-bf61-1d182f948dd5] INFO  o.eclipse.m2e.core.internal.Bundles - 	Entry: C:\Users\Nikhil\.p2\pool\plugins\org.eclipse.m2e.maven.runtime_3.9.900.20240824-1409\jars\maven-compat-3.9.9.jar
2025-05-06 18:42:25,755 [Worker-78: Launching mavenrun-858e71ad-8737-4ebf-bf61-1d182f948dd5] INFO  o.eclipse.m2e.core.internal.Bundles - 	Entry: C:\Users\Nikhil\.p2\pool\plugins\org.eclipse.m2e.maven.runtime_3.9.900.20240824-1409\jars\maven-core-3.9.9.jar
2025-05-06 18:42:25,755 [Worker-78: Launching mavenrun-858e71ad-8737-4ebf-bf61-1d182f948dd5] INFO  o.eclipse.m2e.core.internal.Bundles - 	Entry: C:\Users\Nikhil\.p2\pool\plugins\org.eclipse.m2e.maven.runtime_3.9.900.20240824-1409\jars\maven-embedder-3.9.9.jar
2025-05-06 18:42:25,755 [Worker-78: Launching mavenrun-858e71ad-8737-4ebf-bf61-1d182f948dd5] INFO  o.eclipse.m2e.core.internal.Bundles - 	Entry: C:\Users\Nikhil\.p2\pool\plugins\org.eclipse.m2e.maven.runtime_3.9.900.20240824-1409\jars\maven-model-3.9.9.jar
2025-05-06 18:42:25,756 [Worker-78: Launching mavenrun-858e71ad-8737-4ebf-bf61-1d182f948dd5] INFO  o.eclipse.m2e.core.internal.Bundles - 	Entry: C:\Users\Nikhil\.p2\pool\plugins\org.eclipse.m2e.maven.runtime_3.9.900.20240824-1409\jars\maven-model-builder-3.9.9.jar
2025-05-06 18:42:25,756 [Worker-78: Launching mavenrun-858e71ad-8737-4ebf-bf61-1d182f948dd5] INFO  o.eclipse.m2e.core.internal.Bundles - 	Entry: C:\Users\Nikhil\.p2\pool\plugins\org.eclipse.m2e.maven.runtime_3.9.900.20240824-1409\jars\maven-plugin-api-3.9.9.jar
2025-05-06 18:42:25,756 [Worker-78: Launching mavenrun-858e71ad-8737-4ebf-bf61-1d182f948dd5] INFO  o.eclipse.m2e.core.internal.Bundles - 	Entry: C:\Users\Nikhil\.p2\pool\plugins\org.eclipse.m2e.maven.runtime_3.9.900.20240824-1409\jars\maven-repository-metadata-3.9.9.jar
2025-05-06 18:42:25,756 [Worker-78: Launching mavenrun-858e71ad-8737-4ebf-bf61-1d182f948dd5] INFO  o.eclipse.m2e.core.internal.Bundles - 	Entry: C:\Users\Nikhil\.p2\pool\plugins\org.eclipse.m2e.maven.runtime_3.9.900.20240824-1409\jars\maven-resolver-api-1.9.22.jar
2025-05-06 18:42:25,756 [Worker-78: Launching mavenrun-858e71ad-8737-4ebf-bf61-1d182f948dd5] INFO  o.eclipse.m2e.core.internal.Bundles - 	Entry: C:\Users\Nikhil\.p2\pool\plugins\org.eclipse.m2e.maven.runtime_3.9.900.20240824-1409\jars\maven-resolver-connector-basic-1.9.22.jar
2025-05-06 18:42:25,756 [Worker-78: Launching mavenrun-858e71ad-8737-4ebf-bf61-1d182f948dd5] INFO  o.eclipse.m2e.core.internal.Bundles - 	Entry: C:\Users\Nikhil\.p2\pool\plugins\org.eclipse.m2e.maven.runtime_3.9.900.20240824-1409\jars\maven-resolver-impl-1.9.22.jar
2025-05-06 18:42:25,756 [Worker-78: Launching mavenrun-858e71ad-8737-4ebf-bf61-1d182f948dd5] INFO  o.eclipse.m2e.core.internal.Bundles - 	Entry: C:\Users\Nikhil\.p2\pool\plugins\org.eclipse.m2e.maven.runtime_3.9.900.20240824-1409\jars\maven-resolver-named-locks-1.9.22.jar
2025-05-06 18:42:25,757 [Worker-78: Launching mavenrun-858e71ad-8737-4ebf-bf61-1d182f948dd5] INFO  o.eclipse.m2e.core.internal.Bundles - 	Entry: C:\Users\Nikhil\.p2\pool\plugins\org.eclipse.m2e.maven.runtime_3.9.900.20240824-1409\jars\maven-resolver-provider-3.9.9.jar
2025-05-06 18:42:25,757 [Worker-78: Launching mavenrun-858e71ad-8737-4ebf-bf61-1d182f948dd5] INFO  o.eclipse.m2e.core.internal.Bundles - 	Entry: C:\Users\Nikhil\.p2\pool\plugins\org.eclipse.m2e.maven.runtime_3.9.900.20240824-1409\jars\maven-resolver-spi-1.9.22.jar
2025-05-06 18:42:25,757 [Worker-78: Launching mavenrun-858e71ad-8737-4ebf-bf61-1d182f948dd5] INFO  o.eclipse.m2e.core.internal.Bundles - 	Entry: C:\Users\Nikhil\.p2\pool\plugins\org.eclipse.m2e.maven.runtime_3.9.900.20240824-1409\jars\maven-resolver-transport-file-1.9.22.jar
2025-05-06 18:42:25,757 [Worker-78: Launching mavenrun-858e71ad-8737-4ebf-bf61-1d182f948dd5] INFO  o.eclipse.m2e.core.internal.Bundles - 	Entry: C:\Users\Nikhil\.p2\pool\plugins\org.eclipse.m2e.maven.runtime_3.9.900.20240824-1409\jars\maven-resolver-transport-http-1.9.22.jar
2025-05-06 18:42:25,757 [Worker-78: Launching mavenrun-858e71ad-8737-4ebf-bf61-1d182f948dd5] INFO  o.eclipse.m2e.core.internal.Bundles - 	Entry: C:\Users\Nikhil\.p2\pool\plugins\org.eclipse.m2e.maven.runtime_3.9.900.20240824-1409\jars\maven-resolver-transport-wagon-1.9.22.jar
2025-05-06 18:42:25,757 [Worker-78: Launching mavenrun-858e71ad-8737-4ebf-bf61-1d182f948dd5] INFO  o.eclipse.m2e.core.internal.Bundles - 	Entry: C:\Users\Nikhil\.p2\pool\plugins\org.eclipse.m2e.maven.runtime_3.9.900.20240824-1409\jars\maven-resolver-util-1.9.22.jar
2025-05-06 18:42:25,758 [Worker-78: Launching mavenrun-858e71ad-8737-4ebf-bf61-1d182f948dd5] INFO  o.eclipse.m2e.core.internal.Bundles - 	Entry: C:\Users\Nikhil\.p2\pool\plugins\org.eclipse.m2e.maven.runtime_3.9.900.20240824-1409\jars\maven-settings-3.9.9.jar
2025-05-06 18:42:25,758 [Worker-78: Launching mavenrun-858e71ad-8737-4ebf-bf61-1d182f948dd5] INFO  o.eclipse.m2e.core.internal.Bundles - 	Entry: C:\Users\Nikhil\.p2\pool\plugins\org.eclipse.m2e.maven.runtime_3.9.900.20240824-1409\jars\maven-settings-builder-3.9.9.jar
2025-05-06 18:42:25,758 [Worker-78: Launching mavenrun-858e71ad-8737-4ebf-bf61-1d182f948dd5] INFO  o.eclipse.m2e.core.internal.Bundles - 	Entry: C:\Users\Nikhil\.p2\pool\plugins\org.eclipse.m2e.maven.runtime_3.9.900.20240824-1409\jars\maven-shared-utils-3.4.2.jar
2025-05-06 18:42:25,758 [Worker-78: Launching mavenrun-858e71ad-8737-4ebf-bf61-1d182f948dd5] INFO  o.eclipse.m2e.core.internal.Bundles - 	Entry: C:\Users\Nikhil\.p2\pool\plugins\org.eclipse.m2e.maven.runtime_3.9.900.20240824-1409\jars\org.eclipse.sisu.inject-0.9.0.M3.jar
2025-05-06 18:42:25,758 [Worker-78: Launching mavenrun-858e71ad-8737-4ebf-bf61-1d182f948dd5] INFO  o.eclipse.m2e.core.internal.Bundles - 	Entry: C:\Users\Nikhil\.p2\pool\plugins\org.eclipse.m2e.maven.runtime_3.9.900.20240824-1409\jars\org.eclipse.sisu.plexus-0.9.0.M3.jar
2025-05-06 18:42:25,758 [Worker-78: Launching mavenrun-858e71ad-8737-4ebf-bf61-1d182f948dd5] INFO  o.eclipse.m2e.core.internal.Bundles - 	Entry: C:\Users\Nikhil\.p2\pool\plugins\org.eclipse.m2e.maven.runtime_3.9.900.20240824-1409\jars\plexus-build-api-0.0.7.jar
2025-05-06 18:42:25,759 [Worker-78: Launching mavenrun-858e71ad-8737-4ebf-bf61-1d182f948dd5] INFO  o.eclipse.m2e.core.internal.Bundles - 	Entry: C:\Users\Nikhil\.p2\pool\plugins\org.eclipse.m2e.maven.runtime_3.9.900.20240824-1409\jars\plexus-build-api-1.2.0.jar
2025-05-06 18:42:25,759 [Worker-78: Launching mavenrun-858e71ad-8737-4ebf-bf61-1d182f948dd5] INFO  o.eclipse.m2e.core.internal.Bundles - 	Entry: C:\Users\Nikhil\.p2\pool\plugins\org.eclipse.m2e.maven.runtime_3.9.900.20240824-1409\jars\plexus-cipher-2.0.jar
2025-05-06 18:42:25,759 [Worker-78: Launching mavenrun-858e71ad-8737-4ebf-bf61-1d182f948dd5] INFO  o.eclipse.m2e.core.internal.Bundles - 	Entry: C:\Users\Nikhil\.p2\pool\plugins\org.eclipse.m2e.maven.runtime_3.9.900.20240824-1409\jars\plexus-classworlds-2.8.0.jar
2025-05-06 18:42:25,759 [Worker-78: Launching mavenrun-858e71ad-8737-4ebf-bf61-1d182f948dd5] INFO  o.eclipse.m2e.core.internal.Bundles - 	Entry: C:\Users\Nikhil\.p2\pool\plugins\org.eclipse.m2e.maven.runtime_3.9.900.20240824-1409\jars\plexus-component-annotations-2.1.0.jar
2025-05-06 18:42:25,759 [Worker-78: Launching mavenrun-858e71ad-8737-4ebf-bf61-1d182f948dd5] INFO  o.eclipse.m2e.core.internal.Bundles - 	Entry: C:\Users\Nikhil\.p2\pool\plugins\org.eclipse.m2e.maven.runtime_3.9.900.20240824-1409\jars\plexus-interpolation-1.27.jar
2025-05-06 18:42:25,760 [Worker-78: Launching mavenrun-858e71ad-8737-4ebf-bf61-1d182f948dd5] INFO  o.eclipse.m2e.core.internal.Bundles - 	Entry: C:\Users\Nikhil\.p2\pool\plugins\org.eclipse.m2e.maven.runtime_3.9.900.20240824-1409\jars\plexus-sec-dispatcher-2.0.jar
2025-05-06 18:42:25,760 [Worker-78: Launching mavenrun-858e71ad-8737-4ebf-bf61-1d182f948dd5] INFO  o.eclipse.m2e.core.internal.Bundles - 	Entry: C:\Users\Nikhil\.p2\pool\plugins\org.eclipse.m2e.maven.runtime_3.9.900.20240824-1409\jars\plexus-utils-3.5.1.jar
2025-05-06 18:42:25,760 [Worker-78: Launching mavenrun-858e71ad-8737-4ebf-bf61-1d182f948dd5] INFO  o.eclipse.m2e.core.internal.Bundles - 	Entry: C:\Users\Nikhil\.p2\pool\plugins\org.eclipse.m2e.maven.runtime_3.9.900.20240824-1409\jars\plexus-xml-3.0.1.jar
2025-05-06 18:42:25,760 [Worker-78: Launching mavenrun-858e71ad-8737-4ebf-bf61-1d182f948dd5] INFO  o.eclipse.m2e.core.internal.Bundles - 	Entry: C:\Users\Nikhil\.p2\pool\plugins\org.eclipse.m2e.maven.runtime_3.9.900.20240824-1409\jars\wagon-file-3.5.3.jar
2025-05-06 18:42:25,761 [Worker-78: Launching mavenrun-858e71ad-8737-4ebf-bf61-1d182f948dd5] INFO  o.eclipse.m2e.core.internal.Bundles - 	Entry: C:\Users\Nikhil\.p2\pool\plugins\org.eclipse.m2e.maven.runtime_3.9.900.20240824-1409\jars\wagon-http-3.5.3.jar
2025-05-06 18:42:25,761 [Worker-78: Launching mavenrun-858e71ad-8737-4ebf-bf61-1d182f948dd5] INFO  o.eclipse.m2e.core.internal.Bundles - 	Entry: C:\Users\Nikhil\.p2\pool\plugins\org.eclipse.m2e.maven.runtime_3.9.900.20240824-1409\jars\wagon-http-shared-3.5.3.jar
2025-05-06 18:42:25,762 [Worker-78: Launching mavenrun-858e71ad-8737-4ebf-bf61-1d182f948dd5] INFO  o.eclipse.m2e.core.internal.Bundles - 	Entry: C:\Users\Nikhil\.p2\pool\plugins\org.eclipse.m2e.maven.runtime_3.9.900.20240824-1409\jars\wagon-provider-api-3.5.3.jar
2025-05-06 18:42:25,762 [Worker-78: Launching mavenrun-858e71ad-8737-4ebf-bf61-1d182f948dd5] INFO  o.eclipse.m2e.core.internal.Bundles - getClasspathEntries(Bundle=com.google.guava_33.3.1.jre [1036])
2025-05-06 18:42:25,762 [Worker-78: Launching mavenrun-858e71ad-8737-4ebf-bf61-1d182f948dd5] INFO  o.eclipse.m2e.core.internal.Bundles - 	Entry: C:\Users\Nikhil\.p2\pool\plugins\com.google.guava_33.3.1.jre.jar
2025-05-06 18:42:25,762 [Worker-78: Launching mavenrun-858e71ad-8737-4ebf-bf61-1d182f948dd5] INFO  o.eclipse.m2e.core.internal.Bundles - getClasspathEntries(Bundle=slf4j.api_2.0.16 [1007])
2025-05-06 18:42:25,763 [Worker-78: Launching mavenrun-858e71ad-8737-4ebf-bf61-1d182f948dd5] INFO  o.eclipse.m2e.core.internal.Bundles - 	Entry: C:\Users\Nikhil\.p2\pool\plugins\slf4j.api_2.0.16.jar
2025-05-06 18:42:25,763 [Worker-78: Launching mavenrun-858e71ad-8737-4ebf-bf61-1d182f948dd5] INFO  o.eclipse.m2e.core.internal.Bundles - getClasspathEntries(Bundle=jakarta.inject.jakarta.inject-api_1.0.5 [34])
2025-05-06 18:42:25,763 [Worker-78: Launching mavenrun-858e71ad-8737-4ebf-bf61-1d182f948dd5] INFO  o.eclipse.m2e.core.internal.Bundles - 	Entry: C:\Users\Nikhil\.p2\pool\plugins\jakarta.inject.jakarta.inject-api_1.0.5.jar
2025-05-06 18:42:25,763 [Worker-78: Launching mavenrun-858e71ad-8737-4ebf-bf61-1d182f948dd5] INFO  o.eclipse.m2e.core.internal.Bundles - getClasspathEntries(Bundle=jakarta.annotation-api_1.3.5 [29])
2025-05-06 18:42:25,764 [Worker-78: Launching mavenrun-858e71ad-8737-4ebf-bf61-1d182f948dd5] INFO  o.eclipse.m2e.core.internal.Bundles - 	Entry: C:\Users\Nikhil\.p2\pool\plugins\jakarta.annotation-api_1.3.5.jar
2025-05-06 18:42:25,764 [Worker-78: Launching mavenrun-858e71ad-8737-4ebf-bf61-1d182f948dd5] INFO  o.eclipse.m2e.core.internal.Bundles - getClasspathEntries(Bundle=org.apache.commons.cli_1.9.0 [78])
2025-05-06 18:42:25,765 [Worker-78: Launching mavenrun-858e71ad-8737-4ebf-bf61-1d182f948dd5] INFO  o.eclipse.m2e.core.internal.Bundles - 	Entry: C:\Users\Nikhil\.p2\pool\plugins\org.apache.commons.cli_1.9.0.jar
2025-05-06 18:42:25,765 [Worker-78: Launching mavenrun-858e71ad-8737-4ebf-bf61-1d182f948dd5] INFO  o.eclipse.m2e.core.internal.Bundles - getClasspathEntries(Bundle=org.apache.commons.commons-codec_1.16.0 [81])
2025-05-06 18:42:25,765 [Worker-78: Launching mavenrun-858e71ad-8737-4ebf-bf61-1d182f948dd5] INFO  o.eclipse.m2e.core.internal.Bundles - 	Entry: C:\Users\Nikhil\.p2\pool\plugins\org.apache.commons.commons-codec_1.16.0.jar
2025-05-06 18:42:25,766 [Worker-78: Launching mavenrun-858e71ad-8737-4ebf-bf61-1d182f948dd5] INFO  o.eclipse.m2e.core.internal.Bundles - getClasspathEntries(Bundle=com.google.guava.failureaccess_1.0.2 [17])
2025-05-06 18:42:25,766 [Worker-78: Launching mavenrun-858e71ad-8737-4ebf-bf61-1d182f948dd5] INFO  o.eclipse.m2e.core.internal.Bundles - 	Entry: C:\Users\Nikhil\.p2\pool\plugins\com.google.guava.failureaccess_1.0.2.jar
2025-05-06 18:42:25,768 [Worker-78: Launching mavenrun-858e71ad-8737-4ebf-bf61-1d182f948dd5] INFO  o.e.m.i.launch.MavenLaunchDelegate - Run build in "C:\Users\Nikhil\AppData\Local\Temp\m2e-archetypeGenerator16418636141356684507":
2025-05-06 18:42:25,768 [Worker-78: Launching mavenrun-858e71ad-8737-4ebf-bf61-1d182f948dd5] INFO  o.e.m.i.launch.MavenLaunchDelegate -  mvn  -DarchetypeGroupId=org.apache.maven.archetypes -DarchetypeArtifactId=maven-archetype-quickstart -DarchetypeVersion=1.1 -DgroupId=com.nikhil -DartifactId=Anotation -Dversion=0.0.1-SNAPSHOT -Dpackage=com.nikhil.Anotation -DoutputDirectory=C:\Users\Nikhil\Desktop\javaEE -Dstyle.color=always -U archetype:generate
2025-05-06 18:42:44,970 [Worker-77: Creating maven-archetype-quickstart] INFO  o.e.m.c.i.p.ProjectConfigurationManager - Collecting project info '/pom.xml' C:\Users\Nikhil\Desktop\javaEE\Anotation\pom.xml
2025-05-06 18:42:45,026 [Worker-77: Creating maven-archetype-quickstart] INFO  o.e.m.c.i.l.LifecycleMappingFactory - Using org.eclipse.m2e.jdt.JarLifecycleMapping lifecycle mapping for MavenProject: com.nikhil:Anotation:0.0.1-SNAPSHOT @ C:\Users\Nikhil\Desktop\javaEE\Anotation\pom.xml.
2025-05-06 18:42:45,369 [Worker-77: Creating maven-archetype-quickstart] INFO  o.e.m.j.i.AbstractJavaProjectConfigurator - Adding source folder /Anotation/src/main/java
2025-05-06 18:42:45,370 [Worker-77: Creating maven-archetype-quickstart] INFO  o.e.m.j.i.AbstractJavaProjectConfigurator - Adding resource folder /Anotation/src/main/resources
2025-05-06 18:42:45,374 [Worker-77: Creating maven-archetype-quickstart] INFO  o.e.m.j.i.AbstractJavaProjectConfigurator - Adding source folder /Anotation/src/test/java
2025-05-06 18:42:45,375 [Worker-77: Creating maven-archetype-quickstart] INFO  o.e.m.j.i.AbstractJavaProjectConfigurator - Adding resource folder /Anotation/src/test/resources
2025-05-06 18:42:45,428 [Worker-77: Creating maven-archetype-quickstart] INFO  o.e.m.c.i.p.ProjectConfigurationManager - Imported and configured 1 project(s) in 0 sec
2025-05-06 18:42:45,752 [Worker-77: Building] INFO  o.a.m.s.f.DefaultMavenResourcesFiltering - skip non existing resourceDirectory C:\Users\Nikhil\Desktop\javaEE\Anotation\src\main\resources
2025-05-06 18:42:45,754 [Worker-77: Building] INFO  o.a.m.s.f.DefaultMavenResourcesFiltering - skip non existing resourceDirectory C:\Users\Nikhil\Desktop\javaEE\Anotation\src\test\resources
2025-05-06 18:43:31,194 [Worker-72: Building] INFO  o.e.m.c.i.l.LifecycleMappingFactory - Using org.eclipse.m2e.jdt.JarLifecycleMapping lifecycle mapping for MavenProject: com.nikhil:Anotation:0.0.1-SNAPSHOT @ C:\Users\Nikhil\Desktop\javaEE\Anotation\pom.xml.
2025-05-06 18:43:31,258 [Worker-72: Building] INFO  o.a.m.s.f.DefaultMavenResourcesFiltering - skip non existing resourceDirectory C:\Users\Nikhil\Desktop\javaEE\Anotation\src\main\resources
2025-05-06 18:43:31,259 [Worker-72: Building] INFO  o.a.m.s.f.DefaultMavenResourcesFiltering - skip non existing resourceDirectory C:\Users\Nikhil\Desktop\javaEE\Anotation\src\test\resources
2025-05-06 18:43:32,384 [Worker-68: Building] INFO  o.a.m.s.f.DefaultMavenResourcesFiltering - skip non existing resourceDirectory C:\Users\Nikhil\Desktop\javaEE\Anotation\src\main\resources
2025-05-06 18:43:32,386 [Worker-68: Building] INFO  o.a.m.s.f.DefaultMavenResourcesFiltering - skip non existing resourceDirectory C:\Users\Nikhil\Desktop\javaEE\Anotation\src\test\resources
2025-05-06 18:46:37,128 [Worker-83: Building] INFO  o.a.m.s.f.DefaultMavenResourcesFiltering - skip non existing resourceDirectory C:\Users\Nikhil\Desktop\javaEE\Anotation\src\main\resources
2025-05-06 18:46:37,130 [Worker-83: Building] INFO  o.a.m.s.f.DefaultMavenResourcesFiltering - skip non existing resourceDirectory C:\Users\Nikhil\Desktop\javaEE\Anotation\src\test\resources
2025-05-06 18:47:30,725 [Worker-85: Building] INFO  o.a.m.s.f.DefaultMavenResourcesFiltering - skip non existing resourceDirectory C:\Users\Nikhil\Desktop\javaEE\Anotation\src\main\resources
2025-05-06 18:47:30,726 [Worker-85: Building] INFO  o.a.m.s.f.DefaultMavenResourcesFiltering - skip non existing resourceDirectory C:\Users\Nikhil\Desktop\javaEE\Anotation\src\test\resources
2025-05-06 18:51:46,156 [Worker-81: Building] INFO  o.a.m.s.f.DefaultMavenResourcesFiltering - skip non existing resourceDirectory C:\Users\Nikhil\Desktop\javaEE\Anotation\src\main\resources
2025-05-06 18:51:46,158 [Worker-81: Building] INFO  o.a.m.s.f.DefaultMavenResourcesFiltering - skip non existing resourceDirectory C:\Users\Nikhil\Desktop\javaEE\Anotation\src\test\resources
2025-05-06 19:24:49,165 [Worker-87: Building] INFO  o.a.m.s.f.DefaultMavenResourcesFiltering - skip non existing resourceDirectory C:\Users\Nikhil\Desktop\javaEE\Anotation\src\main\resources
2025-05-06 19:24:49,167 [Worker-87: Building] INFO  o.a.m.s.f.DefaultMavenResourcesFiltering - skip non existing resourceDirectory C:\Users\Nikhil\Desktop\javaEE\Anotation\src\test\resources
